<?xml version="1.0" encoding="UTF-8"?>
<testsuite xmlns:xsi="http://www.w3.org/2001/XMLSchema-instance" xsi:noNamespaceSchemaLocation="https://maven.apache.org/surefire/maven-surefire-plugin/xsd/surefire-test-report.xsd" name="com.lzw.TestHelloMaven" time="0.022" tests="1" errors="0" skipped="0" failures="0">
  <properties>
    <property name="sun.desktop" value="windows"/>
    <property name="awt.toolkit" value="sun.awt.windows.WToolkit"/>
    <property name="file.encoding.pkg" value="sun.io"/>
    <property name="java.specification.version" value="1.8"/>
    <property name="sun.cpu.isalist" value="amd64"/>
    <property name="sun.jnu.encoding" value="GBK"/>
    <property name="java.class.path" value="D:\DevelopmentTools\JetBrains\IdeaProjects\MAVEN\maven-course\javase_maven\target\test-classes;D:\DevelopmentTools\JetBrains\IdeaProjects\MAVEN\maven-course\javase_maven\target\classes;D:\DevelopmentTools\Maven\apache-maven-3.3.9-bin\repository\junit\junit\4.11\junit-4.11.jar;D:\DevelopmentTools\Maven\apache-maven-3.3.9-bin\repository\org\hamcrest\hamcrest-core\1.3\hamcrest-core-1.3.jar;"/>
    <property name="java.vm.vendor" value="Oracle Corporation"/>
    <property name="sun.arch.data.model" value="64"/>
    <property name="user.variant" value=""/>
    <property name="java.vendor.url" value="http://java.oracle.com/"/>
    <property name="user.timezone" value="Asia/Shanghai"/>
    <property name="java.vm.specification.version" value="1.8"/>
    <property name="os.name" value="Windows 10"/>
    <property name="user.country" value="CN"/>
    <property name="sun.java.launcher" value="SUN_STANDARD"/>
    <property name="sun.boot.library.path" value="D:\DevelopmentTools\Java\jdk1.8\jre\bin"/>
    <property name="sun.java.command" value="C:\Users\B_White\AppData\Local\Temp\surefire4414639829278363714\surefirebooter2236247860274305178.jar C:\Users\B_White\AppData\Local\Temp\surefire4414639829278363714 2020-12-16T16-54-35_260-jvmRun1 surefire7280002198638687945tmp surefire_01910493452196915854tmp"/>
    <property name="surefire.test.class.path" value="D:\DevelopmentTools\JetBrains\IdeaProjects\MAVEN\maven-course\javase_maven\target\test-classes;D:\DevelopmentTools\JetBrains\IdeaProjects\MAVEN\maven-course\javase_maven\target\classes;D:\DevelopmentTools\Maven\apache-maven-3.3.9-bin\repository\junit\junit\4.11\junit-4.11.jar;D:\DevelopmentTools\Maven\apache-maven-3.3.9-bin\repository\org\hamcrest\hamcrest-core\1.3\hamcrest-core-1.3.jar;"/>
    <property name="sun.cpu.endian" value="little"/>
    <property name="user.home" value="C:\Users\B_White"/>
    <property name="user.language" value="zh"/>
    <property name="java.specification.vendor" value="Oracle Corporation"/>
    <property name="java.home" value="D:\DevelopmentTools\Java\jdk1.8\jre"/>
    <property name="basedir" value="D:\DevelopmentTools\JetBrains\IdeaProjects\MAVEN\maven-course\javase_maven"/>
    <property name="file.separator" value="\"/>
    <property name="line.separator" value="&#10;"/>
    <property name="java.vm.specification.vendor" value="Oracle Corporation"/>
    <property name="java.specification.name" value="Java Platform API Specification"/>
    <property name="java.awt.graphicsenv" value="sun.awt.Win32GraphicsEnvironment"/>
    <property name="surefire.real.class.path" value="C:\Users\B_White\AppData\Local\Temp\surefire4414639829278363714\surefirebooter2236247860274305178.jar"/>
    <property name="sun.boot.class.path" value="D:\DevelopmentTools\Java\jdk1.8\jre\lib\resources.jar;D:\DevelopmentTools\Java\jdk1.8\jre\lib\rt.jar;D:\DevelopmentTools\Java\jdk1.8\jre\lib\sunrsasign.jar;D:\DevelopmentTools\Java\jdk1.8\jre\lib\jsse.jar;D:\DevelopmentTools\Java\jdk1.8\jre\lib\jce.jar;D:\DevelopmentTools\Java\jdk1.8\jre\lib\charsets.jar;D:\DevelopmentTools\Java\jdk1.8\jre\lib\jfr.jar;D:\DevelopmentTools\Java\jdk1.8\jre\classes"/>
    <property name="user.script" value=""/>
    <property name="sun.management.compiler" value="HotSpot 64-Bit Tiered Compilers"/>
    <property name="java.runtime.version" value="1.8.0_231-b11"/>
    <property name="user.name" value="B_White"/>
    <property name="path.separator" value=";"/>
    <property name="os.version" value="10.0"/>
    <property name="java.endorsed.dirs" value="D:\DevelopmentTools\Java\jdk1.8\jre\lib\endorsed"/>
    <property name="java.runtime.name" value="Java(TM) SE Runtime Environment"/>
    <property name="file.encoding" value="GBK"/>
    <property name="java.vm.name" value="Java HotSpot(TM) 64-Bit Server VM"/>
    <property name="localRepository" value="D:\DevelopmentTools\Maven\apache-maven-3.3.9-bin\repository"/>
    <property name="java.vendor.url.bug" value="http://bugreport.sun.com/bugreport/"/>
    <property name="java.io.tmpdir" value="C:\Users\B_White\AppData\Local\Temp\"/>
    <property name="idea.version" value="2020.2.2"/>
    <property name="java.version" value="1.8.0_231"/>
    <property name="user.dir" value="D:\DevelopmentTools\JetBrains\IdeaProjects\MAVEN\maven-course\javase_maven"/>
    <property name="os.arch" value="amd64"/>
    <property name="java.vm.specification.name" value="Java Virtual Machine Specification"/>
    <property name="java.awt.printerjob" value="sun.awt.windows.WPrinterJob"/>
    <property name="sun.os.patch.level" value=""/>
    <property name="java.library.path" value="D:\DevelopmentTools\Java\jdk1.8\jre\bin;C:\Windows\Sun\Java\bin;C:\Windows\system32;C:\Windows;D:\DevelopmentTools\Java\jdk1.8\bin;D:\DevelopmentTools\Maven\apache-maven-3.3.9-bin\apache-maven-3.3.9\bin;C:\Windows\system32;C:\Windows;C:\Windows\System32\Wbem;C:\Windows\System32\WindowsPowerShell\v1.0\;C:\Windows\System32\OpenSSH\;D:\DevelopmentTools\scala\bin;&quot;D:\DevelopmentTools\scala\bin;D:\DevelopmentTools\scala\jre\bin;&quot;;D:\DevelopmentTools\Tomcat\tomcat8.0\apache-tomcat-8.0.50\bin;D:\DevelopmentTools\Geth;D:\DevelopmentTools\Go\bin;D:\DevelopmentTools\Geth\Geth;D:\DevelopmentTools\MySQL\mysql-8.0.19-winx64\mysql-8.0.19-winx64\bin;C:\Program Files\dotnet\;D:\DevelopmentTools\Tomcat\tomcat8.0\apache-tomcat-8.0.50\bin;D:\DevelopmentTools\Git\cmd;C:\Users\B_White\AppData\Local\Microsoft\WindowsApps;C:\Users\B_White\go\bin;C:\Users\B_White\.dotnet\tools;."/>
    <property name="java.vm.info" value="mixed mode"/>
    <property name="java.vendor" value="Oracle Corporation"/>
    <property name="java.vm.version" value="25.231-b11"/>
    <property name="java.ext.dirs" value="D:\DevelopmentTools\Java\jdk1.8\jre\lib\ext;C:\Windows\Sun\Java\lib\ext"/>
    <property name="sun.io.unicode.encoding" value="UnicodeLittle"/>
    <property name="java.class.version" value="52.0"/>
  </properties>
  <testcase name="testAdd" classname="com.lzw.TestHelloMaven" time="0.002"/>
</testsuite>